2024-12-21 11:11:36,137 - INFO - Updating connections for hex (0, 0)
2024-12-21 11:11:36,137 - DEBUG - Connected positions: [(1, 0)]
2024-12-21 11:11:36,137 - DEBUG - Connection count changed for (0, 0): 0 -> 1
2024-12-21 11:11:36,137 - DEBUG - Updated connected hex (1, 0) count: 1
2024-12-21 11:11:36,137 - DEBUG - Saving biome state: {
  "biomes": {
    "(0, 0)": "Riviere",
    "(1, 0)": "Riviere",
    "(1, 1)": "Riviere",
    "(2, 2)": "Riviere",
    "(2, 3)": "Riviere"
  },
  "connections": {
    "(0, 0)": 1,
    "(1, 0)": 1
  }
}
2024-12-21 11:11:36,137 - INFO - Updating connections for hex (1, 0)
2024-12-21 11:11:36,137 - DEBUG - Connected positions: [(0, 0), (1, 1), (0, 0)]
2024-12-21 11:11:36,137 - DEBUG - Connection count changed for (1, 0): 1 -> 3
2024-12-21 11:11:36,137 - DEBUG - Updated connected hex (0, 0) count: 2
2024-12-21 11:11:36,137 - DEBUG - Updated connected hex (1, 1) count: 1
2024-12-21 11:11:36,137 - DEBUG - Updated connected hex (0, 0) count: 3
2024-12-21 11:11:36,137 - DEBUG - Saving biome state: {
  "biomes": {
    "(0, 0)": "Riviere",
    "(1, 0)": "Riviere",
    "(1, 1)": "Riviere",
    "(2, 2)": "Riviere",
    "(2, 3)": "Riviere"
  },
  "connections": {
    "(0, 0)": 3,
    "(1, 0)": 3,
    "(1, 1)": 1
  }
}
2024-12-21 11:11:36,138 - INFO - Updating connections for hex (1, 1)
2024-12-21 11:11:36,138 - DEBUG - Connected positions: []
2024-12-21 11:11:36,138 - DEBUG - Connection count changed for (1, 1): 1 -> 0
2024-12-21 11:11:36,138 - DEBUG - Saving biome state: {
  "biomes": {
    "(0, 0)": "Riviere",
    "(1, 0)": "Riviere",
    "(1, 1)": "Riviere",
    "(2, 2)": "Riviere",
    "(2, 3)": "Riviere"
  },
  "connections": {
    "(0, 0)": 3,
    "(1, 0)": 3,
    "(1, 1)": 0
  }
}
2024-12-21 11:11:36,138 - INFO - Updating connections for hex (2, 2)
2024-12-21 11:11:36,138 - DEBUG - Connected positions: [(2, 3), (1, 1)]
2024-12-21 11:11:36,138 - DEBUG - Connection count changed for (2, 2): 0 -> 2
2024-12-21 11:11:36,138 - DEBUG - Updated connected hex (2, 3) count: 1
2024-12-21 11:11:36,138 - DEBUG - Updated connected hex (1, 1) count: 1
2024-12-21 11:11:36,138 - DEBUG - Saving biome state: {
  "biomes": {
    "(0, 0)": "Riviere",
    "(1, 0)": "Riviere",
    "(1, 1)": "Riviere",
    "(2, 2)": "Riviere",
    "(2, 3)": "Riviere"
  },
  "connections": {
    "(0, 0)": 3,
    "(1, 0)": 3,
    "(1, 1)": 1,
    "(2, 2)": 2,
    "(2, 3)": 1
  }
}
2024-12-21 11:11:36,138 - INFO - Updating connections for hex (2, 3)
2024-12-21 11:11:36,138 - DEBUG - Connected positions: []
2024-12-21 11:11:36,138 - DEBUG - Connection count changed for (2, 3): 1 -> 0
2024-12-21 11:11:36,138 - DEBUG - Saving biome state: {
  "biomes": {
    "(0, 0)": "Riviere",
    "(1, 0)": "Riviere",
    "(1, 1)": "Riviere",
    "(2, 2)": "Riviere",
    "(2, 3)": "Riviere"
  },
  "connections": {
    "(0, 0)": 3,
    "(1, 0)": 3,
    "(1, 1)": 1,
    "(2, 2)": 2,
    "(2, 3)": 0
  }
}
2024-12-21 11:11:36,139 - DEBUG - Saving biome state: {
  "biomes": {
    "(0, 0)": "Riviere",
    "(1, 0)": "Riviere",
    "(1, 1)": "Riviere",
    "(2, 2)": "Riviere",
    "(2, 3)": "Riviere"
  },
  "connections": {
    "(0, 0)": 3,
    "(1, 0)": 3,
    "(1, 1)": 1,
    "(2, 2)": 2,
    "(2, 3)": 0
  }
}
2024-12-21 11:11:46,430 - DEBUG - Saving biome state: {
  "biomes": {},
  "connections": {}
}
2024-12-21 11:11:49,148 - DEBUG - Saving biome state: {
  "biomes": {
    "(0, 0)": "Riviere"
  },
  "connections": {
    "(0, 0)": 0
  }
}
2024-12-21 11:11:50,676 - DEBUG - Saving biome state: {
  "biomes": {
    "(0, 0)": "Riviere",
    "(1, 0)": "Riviere"
  },
  "connections": {
    "(0, 0)": 0,
    "(1, 0)": 0
  }
}
2024-12-21 11:11:52,214 - DEBUG - Saving biome state: {
  "biomes": {
    "(0, 0)": "Riviere",
    "(1, 0)": "Riviere",
    "(1, 1)": "Riviere"
  },
  "connections": {
    "(0, 0)": 2,
    "(1, 0)": 2,
    "(1, 1)": 0
  }
}
2024-12-21 11:11:54,677 - DEBUG - Saving biome state: {
  "biomes": {
    "(0, 0)": "Riviere",
    "(1, 0)": "Riviere",
    "(1, 1)": "Riviere",
    "(1, 2)": "Riviere"
  },
  "connections": {
    "(0, 0)": 2,
    "(1, 0)": 2,
    "(1, 1)": 0,
    "(1, 2)": 0
  }
}
